# JRE version: OpenJDK Runtime Environment Homebrew (23.0.2) (build 23.0.2)
# Java VM: OpenJDK 64-Bit Server VM Homebrew (23.0.2, mixed mode, sharing, tiered, compressed oops, compressed class ptrs, g1 gc, bsd-aarch64)
Heap:
 garbage-first heap   total reserved 4194304K, committed 352256K, used 216793K [0x0000000700000000, 0x0000000800000000)
  region size 2048K, 6 young (12288K), 2 survivors (4096K)
 Metaspace       used 23983K, committed 24384K, reserved 1114112K
  class space    used 3062K, committed 3264K, reserved 1048576K
GC Heap History (20 events):
Event: 95.862 GC heap before
{Heap before GC invocations=7 (full 0):
 garbage-first heap   total reserved 4194304K, committed 129024K, used 112122K [0x0000000700000000, 0x0000000800000000)
  region size 2048K, 15 young (30720K), 2 survivors (4096K)
 Metaspace       used 23427K, committed 23808K, reserved 1114112K
  class space    used 3052K, committed 3264K, reserved 1048576K
}
Event: 95.863 GC heap after
{Heap after GC invocations=8 (full 0):
 garbage-first heap   total reserved 4194304K, committed 129024K, used 86529K [0x0000000700000000, 0x0000000800000000)
  region size 2048K, 2 young (4096K), 2 survivors (4096K)
 Metaspace       used 23427K, committed 23808K, reserved 1114112K
  class space    used 3052K, committed 3264K, reserved 1048576K
}
Event: 125.855 GC heap before
{Heap before GC invocations=9 (full 0):
 garbage-first heap   total reserved 4194304K, committed 147456K, used 145921K [0x0000000700000000, 0x0000000800000000)
  region size 2048K, 15 young (30720K), 2 survivors (4096K)
 Metaspace       used 23536K, committed 24000K, reserved 1114112K
  class space    used 3052K, committed 3264K, reserved 1048576K
}
Event: 125.862 GC heap after
{Heap after GC invocations=10 (full 0):
 garbage-first heap   total reserved 4194304K, committed 153600K, used 121193K [0x0000000700000000, 0x0000000800000000)
  region size 2048K, 2 young (4096K), 2 survivors (4096K)
 Metaspace       used 23536K, committed 24000K, reserved 1114112K
  class space    used 3052K, committed 3264K, reserved 1048576K
}
Event: 242.374 GC heap before
{Heap before GC invocations=10 (full 0):
 garbage-first heap   total reserved 4194304K, committed 153600K, used 137577K [0x0000000700000000, 0x0000000800000000)
  region size 2048K, 10 young (20480K), 2 survivors (4096K)
 Metaspace       used 23537K, committed 24000K, reserved 1114112K
  class space    used 3052K, committed 3264K, reserved 1048576K
}
Event: 242.387 GC heap after
{Heap after GC invocations=11 (full 0):
 garbage-first heap   total reserved 4194304K, committed 153600K, used 121322K [0x0000000700000000, 0x0000000800000000)
  region size 2048K, 2 young (4096K), 2 survivors (4096K)
 Metaspace       used 23537K, committed 24000K, reserved 1114112K
  class space    used 3052K, committed 3264K, reserved 1048576K
}
Event: 364.182 GC heap before
{Heap before GC invocations=11 (full 0):
 garbage-first heap   total reserved 4194304K, committed 153600K, used 135658K [0x0000000700000000, 0x0000000800000000)
  region size 2048K, 9 young (18432K), 2 survivors (4096K)
 Metaspace       used 23539K, committed 24000K, reserved 1114112K
  class space    used 3052K, committed 3264K, reserved 1048576K
}
Event: 364.185 GC heap after
{Heap after GC invocations=12 (full 0):
 garbage-first heap   total reserved 4194304K, committed 153600K, used 122236K [0x0000000700000000, 0x0000000800000000)
  region size 2048K, 2 young (4096K), 2 survivors (4096K)
 Metaspace       used 23539K, committed 24000K, reserved 1114112K
  class space    used 3052K, committed 3264K, reserved 1048576K
}
Event: 485.824 GC heap before
{Heap before GC invocations=13 (full 0):
 garbage-first heap   total reserved 4194304K, committed 208896K, used 136572K [0x0000000700000000, 0x0000000800000000)
  region size 2048K, 9 young (18432K), 2 survivors (4096K)
 Metaspace       used 23539K, committed 24000K, reserved 1114112K
  class space    used 3052K, committed 3264K, reserved 1048576K
}
Event: 485.832 GC heap after
{Heap after GC invocations=14 (full 0):
 garbage-first heap   total reserved 4194304K, committed 208896K, used 122234K [0x0000000700000000, 0x0000000800000000)
  region size 2048K, 2 young (4096K), 2 survivors (4096K)
 Metaspace       used 23539K, committed 24000K, reserved 1114112K
  class space    used 3052K, committed 3264K, reserved 1048576K
}
Event: 1047.816 GC heap before
{Heap before GC invocations=14 (full 0):
 garbage-first heap   total reserved 4194304K, committed 208896K, used 187770K [0x0000000700000000, 0x0000000800000000)
  region size 2048K, 34 young (69632K), 2 survivors (4096K)
 Metaspace       used 23539K, committed 24000K, reserved 1114112K
  class space    used 3052K, committed 3264K, reserved 1048576K
}
Event: 1047.820 GC heap after
{Heap after GC invocations=15 (full 0):
 garbage-first heap   total reserved 4194304K, committed 208896K, used 122112K [0x0000000700000000, 0x0000000800000000)
  region size 2048K, 2 young (4096K), 2 survivors (4096K)
 Metaspace       used 23539K, committed 24000K, reserved 1114112K
  class space    used 3052K, committed 3264K, reserved 1048576K
}
Event: 1145.832 GC heap before
{Heap before GC invocations=15 (full 0):
 garbage-first heap   total reserved 4194304K, committed 208896K, used 165120K [0x0000000700000000, 0x0000000800000000)
  region size 2048K, 24 young (49152K), 2 survivors (4096K)
 Metaspace       used 23710K, committed 24128K, reserved 1114112K
  class space    used 3052K, committed 3264K, reserved 1048576K
}
Event: 1145.835 GC heap after
{Heap after GC invocations=16 (full 0):
 garbage-first heap   total reserved 4194304K, committed 208896K, used 123820K [0x0000000700000000, 0x0000000800000000)
  region size 2048K, 2 young (4096K), 2 survivors (4096K)
 Metaspace       used 23710K, committed 24128K, reserved 1114112K
  class space    used 3052K, committed 3264K, reserved 1048576K
}
Event: 1206.486 GC heap before
{Heap before GC invocations=17 (full 0):
 garbage-first heap   total reserved 4194304K, committed 243712K, used 242604K [0x0000000700000000, 0x0000000800000000)
  region size 2048K, 28 young (57344K), 2 survivors (4096K)
 Metaspace       used 23857K, committed 24256K, reserved 1114112K
  class space    used 3052K, committed 3264K, reserved 1048576K
}
Event: 1206.515 GC heap after
{Heap after GC invocations=18 (full 0):
 garbage-first heap   total reserved 4194304K, committed 251904K, used 191765K [0x0000000700000000, 0x0000000800000000)
  region size 2048K, 4 young (8192K), 4 survivors (8192K)
 Metaspace       used 23857K, committed 24256K, reserved 1114112K
  class space    used 3052K, committed 3264K, reserved 1048576K
}
Event: 1252.841 GC heap before
{Heap before GC invocations=18 (full 0):
 garbage-first heap   total reserved 4194304K, committed 251904K, used 226581K [0x0000000700000000, 0x0000000800000000)
  region size 2048K, 21 young (43008K), 4 survivors (8192K)
 Metaspace       used 23909K, committed 24320K, reserved 1114112K
  class space    used 3053K, committed 3264K, reserved 1048576K
}
Event: 1252.844 GC heap after
{Heap after GC invocations=19 (full 0):
 garbage-first heap   total reserved 4194304K, committed 251904K, used 191352K [0x0000000700000000, 0x0000000800000000)
  region size 2048K, 2 young (4096K), 2 survivors (4096K)
 Metaspace       used 23909K, committed 24320K, reserved 1114112K
  class space    used 3053K, committed 3264K, reserved 1048576K
}
Event: 1270.078 GC heap before
{Heap before GC invocations=19 (full 0):
 garbage-first heap   total reserved 4194304K, committed 251904K, used 211832K [0x0000000700000000, 0x0000000800000000)
  region size 2048K, 13 young (26624K), 2 survivors (4096K)
 Metaspace       used 23947K, committed 24384K, reserved 1114112K
  class space    used 3054K, committed 3264K, reserved 1048576K
}
Event: 1270.079 GC heap after
{Heap after GC invocations=20 (full 0):
 garbage-first heap   total reserved 4194304K, committed 251904K, used 192482K [0x0000000700000000, 0x0000000800000000)
  region size 2048K, 2 young (4096K), 2 survivors (4096K)
 Metaspace       used 23947K, committed 24384K, reserved 1114112K
  class space    used 3054K, committed 3264K, reserved 1048576K
}

